2023-05-08 05:19:58,028 INFO org.hibernate.validator.internal.util.Version [background-preinit] HV000001: Hibernate Validator 6.2.0.Final
2023-05-08 05:19:58,032 INFO org.springframework.boot.StartupInfoLogger [main] Starting DataJpaBooksProjectApplication using Java 17.0.6 on DESKTOP-DQ9LU31 with PID 26552 (D:\project new\tools\spring boot\data-jpa-books-project2\target\classes started by abdal in D:\project new\tools\spring boot\data-jpa-books-project2)
2023-05-08 05:19:58,035 INFO org.springframework.boot.SpringApplication [main] No active profile set, falling back to default profiles: default
2023-05-08 05:19:59,129 INFO org.springframework.data.repository.config.RepositoryConfigurationDelegate [main] Bootstrapping Spring Data JPA repositories in DEFAULT mode.
2023-05-08 05:19:59,237 INFO org.springframework.data.repository.config.RepositoryConfigurationDelegate [main] Finished Spring Data repository scanning in 94 ms. Found 2 JPA repository interfaces.
2023-05-08 05:20:00,081 INFO org.springframework.boot.web.embedded.tomcat.TomcatWebServer [main] Tomcat initialized with port(s): 8080 (http)
2023-05-08 05:20:00,103 INFO org.apache.juli.logging.DirectJDKLog [main] Initializing ProtocolHandler ["http-nio-8080"]
2023-05-08 05:20:00,104 INFO org.apache.juli.logging.DirectJDKLog [main] Starting service [Tomcat]
2023-05-08 05:20:00,105 INFO org.apache.juli.logging.DirectJDKLog [main] Starting Servlet engine: [Apache Tomcat/9.0.55]
2023-05-08 05:20:00,293 INFO org.apache.juli.logging.DirectJDKLog [main] Initializing Spring embedded WebApplicationContext
2023-05-08 05:20:00,293 INFO org.springframework.boot.web.servlet.context.ServletWebServerApplicationContext [main] Root WebApplicationContext: initialization completed in 2183 ms
2023-05-08 05:20:00,524 INFO com.zaxxer.hikari.HikariDataSource [main] HikariPool-1 - Starting...
2023-05-08 05:20:00,756 INFO com.zaxxer.hikari.HikariDataSource [main] HikariPool-1 - Start completed.
2023-05-08 05:20:00,819 INFO org.hibernate.jpa.internal.util.LogHelper [main] HHH000204: Processing PersistenceUnitInfo [name: default]
2023-05-08 05:20:00,926 INFO org.hibernate.Version [main] HHH000412: Hibernate ORM core version 5.6.1.Final
2023-05-08 05:20:01,179 INFO org.hibernate.annotations.common.reflection.java.JavaReflectionManager [main] HCANN000001: Hibernate Commons Annotations {5.1.2.Final}
2023-05-08 05:20:01,367 INFO org.hibernate.dialect.Dialect [main] HHH000400: Using dialect: org.hibernate.dialect.MySQL55Dialect
2023-05-08 05:20:02,287 INFO org.hibernate.engine.transaction.jta.platform.internal.JtaPlatformInitiator [main] HHH000490: Using JtaPlatform implementation: [org.hibernate.engine.transaction.jta.platform.internal.NoJtaPlatform]
2023-05-08 05:20:02,300 INFO org.springframework.orm.jpa.AbstractEntityManagerFactoryBean [main] Initialized JPA EntityManagerFactory for persistence unit 'default'
2023-05-08 05:20:03,070 WARN org.springframework.boot.autoconfigure.orm.jpa.JpaBaseConfiguration$JpaWebConfiguration [main] spring.jpa.open-in-view is enabled by default. Therefore, database queries may be performed during view rendering. Explicitly configure spring.jpa.open-in-view to disable this warning
2023-05-08 05:20:03,566 INFO org.apache.juli.logging.DirectJDKLog [main] Starting ProtocolHandler ["http-nio-8080"]
2023-05-08 05:20:03,631 INFO org.springframework.boot.web.embedded.tomcat.TomcatWebServer [main] Tomcat started on port(s): 8080 (http) with context path ''
2023-05-08 05:20:03,645 INFO org.springframework.boot.StartupInfoLogger [main] Started DataJpaBooksProjectApplication in 6.165 seconds (JVM running for 7.588)
2023-05-08 05:20:07,670 INFO com.global.book.service.PriceSchedule [task-1] computePrice IS succased2023-05-08T05:20:07.670329100
2023-05-08 05:20:09,658 INFO com.global.book.service.PriceSchedule [task-2] computePrice IS succased2023-05-08T05:20:09.658013200
2023-05-08 05:20:11,177 INFO org.apache.juli.logging.DirectJDKLog [http-nio-8080-exec-1] Initializing Spring DispatcherServlet 'dispatcherServlet'
2023-05-08 05:20:11,178 INFO org.springframework.web.servlet.FrameworkServlet [http-nio-8080-exec-1] Initializing Servlet 'dispatcherServlet'
2023-05-08 05:20:11,180 INFO org.springframework.web.servlet.FrameworkServlet [http-nio-8080-exec-1] Completed initialization in 2 ms
2023-05-08 05:20:11,669 INFO com.global.book.service.PriceSchedule [task-3] computePrice IS succased2023-05-08T05:20:11.669633700
2023-05-08 05:20:13,659 INFO com.global.book.service.PriceSchedule [task-4] computePrice IS succased2023-05-08T05:20:13.659312
2023-05-08 05:20:15,647 INFO com.global.book.service.PriceSchedule [task-5] computePrice IS succased2023-05-08T05:20:15.647993500
2023-05-08 05:20:17,653 INFO com.global.book.service.PriceSchedule [task-6] computePrice IS succased2023-05-08T05:20:17.653629600
2023-05-08 05:20:19,662 INFO com.global.book.service.PriceSchedule [task-7] computePrice IS succased2023-05-08T05:20:19.662257300
2023-05-08 05:20:21,658 INFO com.global.book.service.PriceSchedule [task-8] computePrice IS succased2023-05-08T05:20:21.658926800
2023-05-08 05:20:23,659 INFO com.global.book.service.PriceSchedule [task-1] computePrice IS succased2023-05-08T05:20:23.659568500
2023-05-08 05:20:25,645 INFO com.global.book.service.PriceSchedule [task-2] computePrice IS succased2023-05-08T05:20:25.645255400
2023-05-08 05:20:27,652 INFO com.global.book.service.PriceSchedule [task-3] computePrice IS succased2023-05-08T05:20:27.652890100
2023-05-08 05:20:29,650 INFO com.global.book.service.PriceSchedule [task-4] computePrice IS succased2023-05-08T05:20:29.650544
2023-05-08 05:20:31,661 INFO com.global.book.service.PriceSchedule [task-5] computePrice IS succased2023-05-08T05:20:31.661168100
2023-05-08 05:20:33,693 INFO com.global.book.service.PriceSchedule [task-6] computePrice IS succased2023-05-08T05:20:33.693732300
2023-05-08 05:20:35,658 INFO com.global.book.service.PriceSchedule [task-7] computePrice IS succased2023-05-08T05:20:35.658476900
2023-05-08 05:20:37,702 INFO com.global.book.service.PriceSchedule [task-8] computePrice IS succased2023-05-08T05:20:37.702010800
2023-05-08 05:20:39,650 INFO com.global.book.service.PriceSchedule [task-1] computePrice IS succased2023-05-08T05:20:39.650800500
2023-05-08 05:20:41,669 INFO com.global.book.service.PriceSchedule [task-2] computePrice IS succased2023-05-08T05:20:41.669401200
2023-05-08 05:20:43,656 INFO com.global.book.service.PriceSchedule [task-3] computePrice IS succased2023-05-08T05:20:43.656087100
2023-05-08 05:20:45,668 INFO com.global.book.service.PriceSchedule [task-4] computePrice IS succased2023-05-08T05:20:45.668704500
2023-05-08 05:20:47,669 INFO com.global.book.service.PriceSchedule [task-5] computePrice IS succased2023-05-08T05:20:47.669355300
2023-05-08 05:20:49,665 INFO com.global.book.service.PriceSchedule [task-6] computePrice IS succased2023-05-08T05:20:49.665015800
2023-05-08 05:20:51,666 INFO com.global.book.service.PriceSchedule [task-7] computePrice IS succased2023-05-08T05:20:51.666664400
2023-05-08 05:20:53,664 INFO com.global.book.service.PriceSchedule [task-8] computePrice IS succased2023-05-08T05:20:53.664321800
2023-05-08 05:20:54,719 INFO org.springframework.boot.admin.SpringApplicationAdminMXBeanRegistrar$SpringApplicationAdmin [RMI TCP Connection(9)-127.0.0.1] Application shutdown requested.
2023-05-08 05:20:54,746 INFO org.springframework.orm.jpa.AbstractEntityManagerFactoryBean [RMI TCP Connection(9)-127.0.0.1] Closing JPA EntityManagerFactory for persistence unit 'default'
2023-05-08 05:20:54,748 ERROR org.springframework.aop.interceptor.SimpleAsyncUncaughtExceptionHandler [task-2] Unexpected exception occurred invoking async method: public void com.global.book.service.PriceSchedule.computePrice() throws java.lang.InterruptedException
java.lang.InterruptedException: sleep interrupted
	at java.base/java.lang.Thread.sleep(Native Method)
	at com.global.book.service.PriceSchedule.computePrice(PriceSchedule.java:18)
	at com.global.book.service.PriceSchedule$$FastClassBySpringCGLIB$$a6c7ce20.invoke(<generated>)
	at org.springframework.cglib.proxy.MethodProxy.invoke(MethodProxy.java:218)
	at org.springframework.aop.framework.CglibAopProxy$CglibMethodInvocation.invokeJoinpoint(CglibAopProxy.java:783)
	at org.springframework.aop.framework.ReflectiveMethodInvocation.proceed(ReflectiveMethodInvocation.java:163)
	at org.springframework.aop.framework.CglibAopProxy$CglibMethodInvocation.proceed(CglibAopProxy.java:753)
	at org.springframework.aop.interceptor.AsyncExecutionInterceptor.lambda$invoke$0(AsyncExecutionInterceptor.java:115)
	at java.base/java.util.concurrent.FutureTask.run(FutureTask.java:264)
	at java.base/java.util.concurrent.ThreadPoolExecutor.runWorker(ThreadPoolExecutor.java:1136)
	at java.base/java.util.concurrent.ThreadPoolExecutor$Worker.run(ThreadPoolExecutor.java:635)
	at java.base/java.lang.Thread.run(Thread.java:833)
2023-05-08 05:20:54,748 ERROR org.springframework.aop.interceptor.SimpleAsyncUncaughtExceptionHandler [task-1] Unexpected exception occurred invoking async method: public void com.global.book.service.PriceSchedule.computePrice() throws java.lang.InterruptedException
java.lang.InterruptedException: sleep interrupted
	at java.base/java.lang.Thread.sleep(Native Method)
	at com.global.book.service.PriceSchedule.computePrice(PriceSchedule.java:18)
	at com.global.book.service.PriceSchedule$$FastClassBySpringCGLIB$$a6c7ce20.invoke(<generated>)
	at org.springframework.cglib.proxy.MethodProxy.invoke(MethodProxy.java:218)
	at org.springframework.aop.framework.CglibAopProxy$CglibMethodInvocation.invokeJoinpoint(CglibAopProxy.java:783)
	at org.springframework.aop.framework.ReflectiveMethodInvocation.proceed(ReflectiveMethodInvocation.java:163)
	at org.springframework.aop.framework.CglibAopProxy$CglibMethodInvocation.proceed(CglibAopProxy.java:753)
	at org.springframework.aop.interceptor.AsyncExecutionInterceptor.lambda$invoke$0(AsyncExecutionInterceptor.java:115)
	at java.base/java.util.concurrent.FutureTask.run(FutureTask.java:264)
	at java.base/java.util.concurrent.ThreadPoolExecutor.runWorker(ThreadPoolExecutor.java:1136)
	at java.base/java.util.concurrent.ThreadPoolExecutor$Worker.run(ThreadPoolExecutor.java:635)
	at java.base/java.lang.Thread.run(Thread.java:833)
2023-05-08 05:20:54,749 INFO com.zaxxer.hikari.HikariDataSource [RMI TCP Connection(9)-127.0.0.1] HikariPool-1 - Shutdown initiated...
2023-05-08 05:20:54,759 INFO com.zaxxer.hikari.HikariDataSource [RMI TCP Connection(9)-127.0.0.1] HikariPool-1 - Shutdown completed.
